2022.12.07 09:02:47 INFO: Loaded VA for NtUserBlockInput = 0x76C87E6F
2022.12.07 09:02:47 INFO: Loaded VA for NtUserQueryWindow = 0x76C26915
2022.12.07 09:02:47 INFO: Loaded VA for NtUserGetForegroundWindow = 0x76C34458
2022.12.07 09:02:47 INFO: Loaded VA for NtUserBuildHwndList = 0x76C293F6
2022.12.07 09:02:47 INFO: Loaded VA for NtUserFindWindowEx = 0x76C267DD
2022.12.07 09:02:47 INFO: Loaded VA for NtUserGetClassName = 0x76C28289
2022.12.07 09:02:47 INFO: Loaded VA for NtUserInternalGetWindowText = 0x76C31E67
2022.12.07 09:02:47 INFO: Loaded VA for NtUserGetThreadState = 0x76C30DE6
2022.12.07 09:02:47 DEBUG: ApplyNtdllHook -> _NtSetInformationThread 7721F9DC _NtQuerySystemInformation 7721FDE0 _NtQueryInformationProcess 7721FB08 _NtSetInformationProcess 7721FB58 _NtQueryObject 7721FA28
2022.12.07 09:02:47 DEBUG: ApplyNtdllHook -> _NtYieldExecution 7721FF6C _NtGetContextThread 77220C60 _NtSetContextThread 77221950 _KiUserExceptionDispatcher 77210154 _NtContinue 7721FF20
2022.12.07 09:02:47 DEBUG: ApplyNtdllHook -> _NtClose 7721FA10 _NtDuplicateObject 7721FE74 _NtSetDebugFilterState 77221968 _NtCreateThread 77220034 _NtCreateThreadEx 772208D4 _NtQuerySystemTime 7722015C _NtQueryPerformanceCounter 7721FD60 _NtResumeThread 77220098
2022.12.07 09:02:47 DEBUG: ApplyNtdllHook -> Hooking NtSetInformationThread
2022.12.07 09:02:47 DEBUG: ApplyNtdllHook -> Hooking NtQueryInformationProcess
2022.12.07 09:02:47 DEBUG: ApplyNtdllHook -> Hooking NtQueryObject
2022.12.07 09:02:47 DEBUG: ApplyNtdllHook -> Hooking NtClose
2022.12.07 09:02:47 DEBUG: ApplyNtdllHook -> Hooking NtDuplicateObject
2022.12.07 09:02:47 DEBUG: ApplyKernel32Hook -> Using Kernelbase 76D80000 instead of kernel32 76770000
2022.12.07 09:02:47 DEBUG: ApplyKernel32Hook -> _GetTickCount 76D88FD4 _GetTickCount64 76D8900D _GetLocalTime 76D88E77 _GetSystemTime 76D88F25 _OutputDebugStringA 76D935FC
2022.12.07 09:02:47 DEBUG: ApplyUserHook -> HookedNtUserBlockInput 00021B01 HookedNtUserFindWindowEx 00021B59 HookedNtUserBuildHwndList 00021C34 HookedNtUserBuildHwndList_Eight 00021C77 HookedNtUserQueryWindow 00021CBD HookedNtUserGetForegroundWindow 00021D06
2022.12.07 09:02:47 DEBUG: ApplyUserHook -> _NtUserBlockInput 76C87E6F _NtUserFindWindowEx 76C267DD _NtUserBuildHwndList 76C293F6 _NtUserQueryWindow 76C26915 _NtUserGetForegroundWindow 76C34458
2022.12.07 09:02:47 INFO: Hook injection successful, image base 00020000
